生成启动时间为 2019/7/25 15:59:17。
     1>项目“D:\Documents\Visual Studio 2013\Projects\数据结构\Heap\Heap\Heap.vcxproj”在节点 2 上(Build 个目标)。
     1>ClCompile:
         E:\AE\VC\bin\CL.exe /c /ZI /nologo /W3 /WX- /sdl /Od /Oy- /D _MBCS /Gm /EHsc /RTC1 /MDd /GS /fp:precise /Zc:wchar_t /Zc:forScope /Fo"Debug\\" /Fd"Debug\vc120.pdb" /Gd /TC /analyze- /errorReport:prompt Heap.c
         Heap.c
     1>d:\documents\visual studio 2013\projects\数据结构\heap\heap\heap.c(6): warning C4028: 形参 1 与声明不同
     1>d:\documents\visual studio 2013\projects\数据结构\heap\heap\heap.c(6): warning C4028: 形参 2 与声明不同
     1>d:\documents\visual studio 2013\projects\数据结构\heap\heap\heap.c(40): warning C4018: “<”: 有符号/无符号不匹配
     1>d:\documents\visual studio 2013\projects\数据结构\heap\heap\heap.c(43): warning C4018: “<”: 有符号/无符号不匹配
     1>d:\documents\visual studio 2013\projects\数据结构\heap\heap\heap.c(159): warning C4018: “<”: 有符号/无符号不匹配
     1>d:\documents\visual studio 2013\projects\数据结构\heap\heap\heap.c(161): warning C4018: “<”: 有符号/无符号不匹配
     1>d:\documents\visual studio 2013\projects\数据结构\heap\heap\heap.c(207): warning C4047: “初始化”:“HPDataType *”与“int”的间接级别不同
     1>d:\documents\visual studio 2013\projects\数据结构\heap\heap\heap.c(215): warning C4047: “函数”:“HPDataType *”与“HPDataType *[7]”的间接级别不同
     1>d:\documents\visual studio 2013\projects\数据结构\heap\heap\heap.c(215): warning C4024: “HeapInit”: 形参和实参 2 的类型不同
       Link:
         E:\AE\VC\bin\link.exe /ERRORREPORT:PROMPT /OUT:"D:\Documents\Visual Studio 2013\Projects\数据结构\Heap\Debug\Heap.exe" /INCREMENTAL /NOLOGO kernel32.lib user32.lib gdi32.lib winspool.lib comdlg32.lib advapi32.lib shell32.lib ole32.lib oleaut32.lib uuid.lib odbc32.lib odbccp32.lib /MANIFEST /MANIFESTUAC:"level='asInvoker' uiAccess='false'" /manifest:embed /DEBUG /PDB:"D:\Documents\Visual Studio 2013\Projects\数据结构\Heap\Debug\Heap.pdb" /TLBID:1 /DYNAMICBASE /NXCOMPAT /IMPLIB:"D:\Documents\Visual Studio 2013\Projects\数据结构\Heap\Debug\Heap.lib" /MACHINE:X86 Debug\Heap.obj
         Debug\test.obj
         Heap.vcxproj -> D:\Documents\Visual Studio 2013\Projects\数据结构\Heap\Debug\Heap.exe
     1>已完成生成项目“D:\Documents\Visual Studio 2013\Projects\数据结构\Heap\Heap\Heap.vcxproj”(Build 个目标)的操作。

生成成功。

已用时间 00:00:00.36
